[12:51:07] [ServerMain/INFO]: Environment: Environment[sessionHost=https://sessionserver.mojang.com, servicesHost=https://api.minecraftservices.com, name=PROD]
[12:51:09] [ServerMain/INFO]: Loaded 1174 recipes
[12:51:09] [ServerMain/INFO]: Loaded 1271 advancements
[12:51:10] [Server thread/INFO]: Starting minecraft server version 1.20.4
[12:51:10] [Server thread/INFO]: Loading properties
[12:51:10] [Server thread/INFO]: This server is running Paper version git-Paper-496 (MC: 1.20.4) (Implementing API version 1.20.4-R0.1-SNAPSHOT) (Git: 7ac24a1 on ver/1.20.4)
[12:51:10] [Server thread/INFO]: Server Ping Player Sample Count: 12
[12:51:10] [Server thread/INFO]: Using 4 threads for Netty based IO
[12:51:10] [Server thread/WARN]: [!] The timings profiler has been enabled but has been scheduled for removal from Paper in the future.
    We recommend installing the spark profiler as a replacement: https://spark.lucko.me/
    For more information please visit: https://github.com/PaperMC/Paper/issues/8948
[12:51:10] [Server thread/INFO]: [ChunkTaskScheduler] Chunk system is using 1 I/O threads, 3 worker threads, and gen parallelism of 3 threads
[12:51:11] [Server thread/INFO]: Default game type: SURVIVAL
[12:51:11] [Server thread/INFO]: Generating keypair
[12:51:11] [Server thread/INFO]: Starting Minecraft server on *:25565
[12:51:11] [Server thread/INFO]: Using default channel type
[12:51:11] [Server thread/INFO]: Paper: Using Java compression from Velocity.
[12:51:11] [Server thread/INFO]: Paper: Using Java cipher from Velocity.
[12:51:11] [Server thread/INFO]: [kektorial] Loading server plugin kektorial v1.0-SNAPSHOT
[12:51:11] [Server thread/INFO]: Server permissions file permissions.yml is empty, ignoring it
[12:51:11] [Server thread/INFO]: Preparing level "world"
[12:51:11] [Server thread/INFO]: Preparing start region for dimension minecraft:overworld
[12:51:11] [Server thread/INFO]: Time elapsed: 181 ms
[12:51:11] [Server thread/INFO]: Preparing start region for dimension minecraft:the_nether
[12:51:11] [Server thread/INFO]: Time elapsed: 31 ms
[12:51:11] [Server thread/INFO]: Preparing start region for dimension minecraft:the_end
[12:51:11] [Server thread/INFO]: Time elapsed: 33 ms
[12:51:11] [Server thread/INFO]: [kektorial] Enabling kektorial v1.0-SNAPSHOT
[12:51:12] [Server thread/INFO]: Running delayed init tasks
[12:51:12] [Server thread/INFO]: Done (1.805s)! For help, type "help"
[12:51:12] [Server thread/INFO]: Timings Reset
[12:51:14] [Server thread/INFO]: Stopping server
[12:51:14] [Server thread/INFO]: [kektorial] Disabling kektorial v1.0-SNAPSHOT
[12:51:14] [Server thread/INFO]: Saving players
[12:51:14] [Server thread/INFO]: Saving worlds
[12:51:14] [Server thread/INFO]: Saving chunks for level 'ServerLevel[world]'/minecraft:overworld
[12:51:14] [Server thread/INFO]: [ChunkHolderManager] Waiting 60s for chunk system to halt for world 'world'
[12:51:14] [Server thread/INFO]: [ChunkHolderManager] Halted chunk system for world 'world'
[12:51:14] [Server thread/INFO]: [ChunkHolderManager] Saving all chunkholders for world 'world'
[12:51:15] [Server thread/INFO]: [ChunkHolderManager] Saved 529 block chunks, 529 entity chunks, 0 poi chunks in world 'world' in 0,76s
[12:51:15] [Server thread/INFO]: ThreadedAnvilChunkStorage (world): All chunks are saved
[12:51:15] [Server thread/INFO]: Saving chunks for level 'ServerLevel[world_nether]'/minecraft:the_nether
[12:51:15] [Server thread/INFO]: [ChunkHolderManager] Waiting 60s for chunk system to halt for world 'world_nether'
[12:51:15] [Server thread/INFO]: [ChunkHolderManager] Halted chunk system for world 'world_nether'
[12:51:15] [Server thread/INFO]: [ChunkHolderManager] Saving all chunkholders for world 'world_nether'
[12:51:15] [Server thread/INFO]: [ChunkHolderManager] Saved 529 block chunks, 529 entity chunks, 0 poi chunks in world 'world_nether' in 0,40s
[12:51:15] [Server thread/INFO]: ThreadedAnvilChunkStorage (DIM-1): All chunks are saved
[12:51:15] [Server thread/INFO]: Saving chunks for level 'ServerLevel[world_the_end]'/minecraft:the_end
[12:51:15] [Server thread/INFO]: [ChunkHolderManager] Waiting 60s for chunk system to halt for world 'world_the_end'
[12:51:15] [Server thread/INFO]: [ChunkHolderManager] Halted chunk system for world 'world_the_end'
[12:51:15] [Server thread/INFO]: [ChunkHolderManager] Saving all chunkholders for world 'world_the_end'
[12:51:15] [Server thread/INFO]: [ChunkHolderManager] Saved 529 block chunks, 529 entity chunks, 0 poi chunks in world 'world_the_end' in 0,11s
[12:51:15] [Server thread/INFO]: ThreadedAnvilChunkStorage (DIM1): All chunks are saved
[12:51:15] [Server thread/INFO]: ThreadedAnvilChunkStorage: All dimensions are saved
[12:51:15] [Server thread/INFO]: Flushing Chunk IO
[12:51:15] [Server thread/INFO]: Closing Thread Pool
[12:51:15] [Server thread/INFO]: Closing Server
